# JRE version: OpenJDK Runtime Environment (8.0_242-b01) (build 1.8.0_242-release-1644-b01)
# Java VM: OpenJDK 64-Bit Server VM (25.242-b01 mixed mode windows-amd64 compressed oops)
Heap:
 PSYoungGen      total 629248K, used 65450K [0x00000000d5580000, 0x0000000100000000, 0x0000000100000000)
  eden space 559616K, 9% used [0x00000000d5580000,0x00000000d8b3d588,0x00000000f7800000)
  from space 69632K, 14% used [0x00000000f7800000,0x00000000f822d4a8,0x00000000fbc00000)
  to   space 67072K, 0% used [0x00000000fbe80000,0x00000000fbe80000,0x0000000100000000)
 ParOldGen       total 262656K, used 134204K [0x0000000080000000, 0x0000000090080000, 0x00000000d5580000)
  object space 262656K, 51% used [0x0000000080000000,0x000000008830f060,0x0000000090080000)
 Metaspace       used 115072K, capacity 121646K, committed 121804K, reserved 1155072K
  class space    used 14801K, capacity 16025K, committed 16128K, reserved 1048576K
GC Heap History (10 events):
Event: 1958.439 GC heap before
{Heap before GC invocations=34 (full 5):
 PSYoungGen      total 625664K, used 572736K [0x00000000d5580000, 0x00000000ffa80000, 0x0000000100000000)
  eden space 565248K, 100% used [0x00000000d5580000,0x00000000f7d80000,0x00000000f7d80000)
  from space 60416K, 12% used [0x00000000fbf80000,0x00000000fc6d0010,0x00000000ffa80000)
  to   space 64000K, 0% used [0x00000000f7d80000,0x00000000f7d80000,0x00000000fbc00000)
 ParOldGen       total 262656K, used 120380K [0x0000000080000000, 0x0000000090080000, 0x00000000d5580000)
  object space 262656K, 45% used [0x0000000080000000,0x000000008758f348,0x0000000090080000)
 Metaspace       used 113282K, capacity 118960K, committed 120268K, reserved 1153024K
  class space    used 14648K, capacity 15782K, committed 16128K, reserved 1048576K
Event: 1958.512 GC heap after
Heap after GC invocations=34 (full 5):
 PSYoungGen      total 629248K, used 6326K [0x00000000d5580000, 0x00000000fff80000, 0x0000000100000000)
  eden space 565248K, 0% used [0x00000000d5580000,0x00000000d5580000,0x00000000f7d80000)
  from space 64000K, 9% used [0x00000000f7d80000,0x00000000f83ad800,0x00000000fbc00000)
  to   space 61952K, 0% used [0x00000000fc300000,0x00000000fc300000,0x00000000fff80000)
 ParOldGen       total 262656K, used 126141K [0x0000000080000000, 0x0000000090080000, 0x00000000d5580000)
  object space 262656K, 48% used [0x0000000080000000,0x0000000087b2f450,0x0000000090080000)
 Metaspace       used 113282K, capacity 118960K, committed 120268K, reserved 1153024K
  class space    used 14648K, capacity 15782K, committed 16128K, reserved 1048576K
}
Event: 1961.995 GC heap before
{Heap before GC invocations=35 (full 5):
 PSYoungGen      total 629248K, used 571574K [0x00000000d5580000, 0x00000000fff80000, 0x0000000100000000)
  eden space 565248K, 100% used [0x00000000d5580000,0x00000000f7d80000,0x00000000f7d80000)
  from space 64000K, 9% used [0x00000000f7d80000,0x00000000f83ad800,0x00000000fbc00000)
  to   space 61952K, 0% used [0x00000000fc300000,0x00000000fc300000,0x00000000fff80000)
 ParOldGen       total 262656K, used 126141K [0x0000000080000000, 0x0000000090080000, 0x00000000d5580000)
  object space 262656K, 48% used [0x0000000080000000,0x0000000087b2f450,0x0000000090080000)
 Metaspace       used 113316K, capacity 119028K, committed 120268K, reserved 1153024K
  class space    used 14648K, capacity 15782K, committed 16128K, reserved 1048576K
Event: 1962.032 GC heap after
Heap after GC invocations=35 (full 5):
 PSYoungGen      total 628224K, used 7576K [0x00000000d5580000, 0x00000000ff900000, 0x0000000100000000)
  eden space 572928K, 0% used [0x00000000d5580000,0x00000000d5580000,0x00000000f8500000)
  from space 55296K, 13% used [0x00000000fc300000,0x00000000fca663c0,0x00000000ff900000)
  to   space 59392K, 0% used [0x00000000f8500000,0x00000000f8500000,0x00000000fbf00000)
 ParOldGen       total 262656K, used 130527K [0x0000000080000000, 0x0000000090080000, 0x00000000d5580000)
  object space 262656K, 49% used [0x0000000080000000,0x0000000087f77c08,0x0000000090080000)
 Metaspace       used 113316K, capacity 119028K, committed 120268K, reserved 1153024K
  class space    used 14648K, capacity 15782K, committed 16128K, reserved 1048576K
}
Event: 1965.590 GC heap before
{Heap before GC invocations=36 (full 5):
 PSYoungGen      total 628224K, used 580504K [0x00000000d5580000, 0x00000000ff900000, 0x0000000100000000)
  eden space 572928K, 100% used [0x00000000d5580000,0x00000000f8500000,0x00000000f8500000)
  from space 55296K, 13% used [0x00000000fc300000,0x00000000fca663c0,0x00000000ff900000)
  to   space 59392K, 0% used [0x00000000f8500000,0x00000000f8500000,0x00000000fbf00000)
 ParOldGen       total 262656K, used 130527K [0x0000000080000000, 0x0000000090080000, 0x00000000d5580000)
  object space 262656K, 49% used [0x0000000080000000,0x0000000087f77c08,0x0000000090080000)
 Metaspace       used 113392K, capacity 119132K, committed 120268K, reserved 1153024K
  class space    used 14651K, capacity 15788K, committed 16128K, reserved 1048576K
Event: 1965.650 GC heap after
Heap after GC invocations=36 (full 5):
 PSYoungGen      total 632320K, used 36022K [0x00000000d5580000, 0x0000000100000000, 0x0000000100000000)
  eden space 572928K, 0% used [0x00000000d5580000,0x00000000d5580000,0x00000000f8500000)
  from space 59392K, 60% used [0x00000000f8500000,0x00000000fa82db38,0x00000000fbf00000)
  to   space 61952K, 0% used [0x00000000fc380000,0x00000000fc380000,0x0000000100000000)
 ParOldGen       total 262656K, used 133812K [0x0000000080000000, 0x0000000090080000, 0x00000000d5580000)
  object space 262656K, 50% used [0x0000000080000000,0x00000000882ad060,0x0000000090080000)
 Metaspace       used 113392K, capacity 119132K, committed 120268K, reserved 1153024K
  class space    used 14651K, capacity 15788K, committed 16128K, reserved 1048576K
}
Event: 2188.074 GC heap before
{Heap before GC invocations=37 (full 5):
 PSYoungGen      total 632320K, used 608950K [0x00000000d5580000, 0x0000000100000000, 0x0000000100000000)
  eden space 572928K, 100% used [0x00000000d5580000,0x00000000f8500000,0x00000000f8500000)
  from space 59392K, 60% used [0x00000000f8500000,0x00000000fa82db38,0x00000000fbf00000)
  to   space 61952K, 0% used [0x00000000fc380000,0x00000000fc380000,0x0000000100000000)
 ParOldGen       total 262656K, used 133812K [0x0000000080000000, 0x0000000090080000, 0x00000000d5580000)
  object space 262656K, 50% used [0x0000000080000000,0x00000000882ad060,0x0000000090080000)
 Metaspace       used 114154K, capacity 120136K, committed 120780K, reserved 1155072K
  class space    used 14713K, capacity 15864K, committed 16128K, reserved 1048576K
Event: 2188.221 GC heap after
Heap after GC invocations=37 (full 5):
 PSYoungGen      total 621568K, used 50897K [0x00000000d5580000, 0x0000000100000000, 0x0000000100000000)
  eden space 559616K, 0% used [0x00000000d5580000,0x00000000d5580000,0x00000000f7800000)
  from space 61952K, 82% used [0x00000000fc380000,0x00000000ff534530,0x0000000100000000)
  to   space 69632K, 0% used [0x00000000f7800000,0x00000000f7800000,0x00000000fbc00000)
 ParOldGen       total 262656K, used 134196K [0x0000000080000000, 0x0000000090080000, 0x00000000d5580000)
  object space 262656K, 51% used [0x0000000080000000,0x000000008830d060,0x0000000090080000)
 Metaspace       used 114154K, capacity 120136K, committed 120780K, reserved 1155072K
  class space    used 14713K, capacity 15864K, committed 16128K, reserved 1048576K
}
Event: 2895.902 GC heap before
{Heap before GC invocations=38 (full 5):
 PSYoungGen      total 621568K, used 610513K [0x00000000d5580000, 0x0000000100000000, 0x0000000100000000)
  eden space 559616K, 100% used [0x00000000d5580000,0x00000000f7800000,0x00000000f7800000)
  from space 61952K, 82% used [0x00000000fc380000,0x00000000ff534530,0x0000000100000000)
  to   space 69632K, 0% used [0x00000000f7800000,0x00000000f7800000,0x00000000fbc00000)
 ParOldGen       total 262656K, used 134196K [0x0000000080000000, 0x0000000090080000, 0x00000000d5580000)
  object space 262656K, 51% used [0x0000000080000000,0x000000008830d060,0x0000000090080000)
 Metaspace       used 114858K, capacity 121372K, committed 121548K, reserved 1155072K
  class space    used 14782K, capacity 15990K, committed 16128K, reserved 1048576K
Event: 2895.938 GC heap after
Heap after GC invocations=38 (full 5):
 PSYoungGen      total 629248K, used 10421K [0x00000000d5580000, 0x0000000100000000, 0x0000000100000000)
  eden space 559616K, 0% used [0x00000000d5580000,0x00000000d5580000,0x00000000f7800000)
  from space 69632K, 14% used [0x00000000f7800000,0x00000000f822d4a8,0x00000000fbc00000)
  to   space 67072K, 0% used [0x00000000fbe80000,0x00000000fbe80000,0x0000000100000000)
 ParOldGen       total 262656K, used 134204K [0x0000000080000000, 0x0000000090080000, 0x00000000d5580000)
  object space 262656K, 51% used [0x0000000080000000,0x000000008830f060,0x0000000090080000)
 Metaspace       used 114858K, capacity 121372K, committed 121548K, reserved 1155072K
  class space    used 14782K, capacity 15990K, committed 16128K, reserved 1048576K
}

